# JRE version: OpenJDK Runtime Environment (8.0_162-b12) (build 1.8.0_162-8u162-b12-0ubuntu0.16.04.2-b12)
# Java VM: OpenJDK 64-Bit Server VM (25.162-b12 mixed mode linux-amd64 compressed oops)
Heap:
 PSYoungGen      total 218112K, used 11830K [0x00000000d7380000, 0x00000000e5980000, 0x0000000100000000)
  eden space 202240K, 0% used [0x00000000d7380000,0x00000000d7380000,0x00000000e3900000)
  from space 15872K, 74% used [0x00000000e3a80000,0x00000000e460db68,0x00000000e4a00000)
  to   space 12288K, 0% used [0x00000000e4d80000,0x00000000e4d80000,0x00000000e5980000)
 ParOldGen       total 51200K, used 13665K [0x0000000085a00000, 0x0000000088c00000, 0x00000000d7380000)
  object space 51200K, 26% used [0x0000000085a00000,0x00000000867585e8,0x0000000088c00000)
 Metaspace       used 33409K, capacity 34740K, committed 35072K, reserved 1079296K
  class space    used 4249K, capacity 4529K, committed 4608K, reserved 1048576K
GC Heap History (10 events):
Event: 1.245 GC heap after
Heap after GC invocations=3 (full 0):
 PSYoungGen      total 68608K, used 5104K [0x00000000d7380000, 0x00000000df980000, 0x0000000100000000)
  eden space 63488K, 0% used [0x00000000d7380000,0x00000000d7380000,0x00000000db180000)
  from space 5120K, 99% used [0x00000000db180000,0x00000000db67c010,0x00000000db680000)
  to   space 5120K, 0% used [0x00000000df480000,0x00000000df480000,0x00000000df980000)
 ParOldGen       total 84992K, used 4418K [0x0000000085a00000, 0x000000008ad00000, 0x00000000d7380000)
  object space 84992K, 5% used [0x0000000085a00000,0x0000000085e50ba0,0x000000008ad00000)
 Metaspace       used 19708K, capacity 20238K, committed 20480K, reserved 1067008K
  class space    used 2551K, capacity 2699K, committed 2816K, reserved 1048576K
}
Event: 1.365 GC heap before
{Heap before GC invocations=4 (full 0):
 PSYoungGen      total 68608K, used 10570K [0x00000000d7380000, 0x00000000df980000, 0x0000000100000000)
  eden space 63488K, 8% used [0x00000000d7380000,0x00000000d78d68f0,0x00000000db180000)
  from space 5120K, 99% used [0x00000000db180000,0x00000000db67c010,0x00000000db680000)
  to   space 5120K, 0% used [0x00000000df480000,0x00000000df480000,0x00000000df980000)
 ParOldGen       total 84992K, used 4418K [0x0000000085a00000, 0x000000008ad00000, 0x00000000d7380000)
  object space 84992K, 5% used [0x0000000085a00000,0x0000000085e50ba0,0x000000008ad00000)
 Metaspace       used 20690K, capacity 21180K, committed 21248K, reserved 1067008K
  class space    used 2660K, capacity 2808K, committed 2816K, reserved 1048576K
Event: 1.396 GC heap after
Heap after GC invocations=4 (full 0):
 PSYoungGen      total 132096K, used 5090K [0x00000000d7380000, 0x00000000df980000, 0x0000000100000000)
  eden space 126976K, 0% used [0x00000000d7380000,0x00000000d7380000,0x00000000def80000)
  from space 5120K, 99% used [0x00000000df480000,0x00000000df978aa0,0x00000000df980000)
  to   space 5120K, 0% used [0x00000000def80000,0x00000000def80000,0x00000000df480000)
 ParOldGen       total 84992K, used 4650K [0x0000000085a00000, 0x000000008ad00000, 0x00000000d7380000)
  object space 84992K, 5% used [0x0000000085a00000,0x0000000085e8a9d0,0x000000008ad00000)
 Metaspace       used 20690K, capacity 21180K, committed 21248K, reserved 1067008K
  class space    used 2660K, capacity 2808K, committed 2816K, reserved 1048576K
}
Event: 1.396 GC heap before
{Heap before GC invocations=5 (full 1):
 PSYoungGen      total 132096K, used 5090K [0x00000000d7380000, 0x00000000df980000, 0x0000000100000000)
  eden space 126976K, 0% used [0x00000000d7380000,0x00000000d7380000,0x00000000def80000)
  from space 5120K, 99% used [0x00000000df480000,0x00000000df978aa0,0x00000000df980000)
  to   space 5120K, 0% used [0x00000000def80000,0x00000000def80000,0x00000000df480000)
 ParOldGen       total 84992K, used 4650K [0x0000000085a00000, 0x000000008ad00000, 0x00000000d7380000)
  object space 84992K, 5% used [0x0000000085a00000,0x0000000085e8a9d0,0x000000008ad00000)
 Metaspace       used 20690K, capacity 21180K, committed 21248K, reserved 1067008K
  class space    used 2660K, capacity 2808K, committed 2816K, reserved 1048576K
Event: 1.452 GC heap after
Heap after GC invocations=5 (full 1):
 PSYoungGen      total 132096K, used 0K [0x00000000d7380000, 0x00000000df980000, 0x0000000100000000)
  eden space 126976K, 0% used [0x00000000d7380000,0x00000000d7380000,0x00000000def80000)
  from space 5120K, 0% used [0x00000000df480000,0x00000000df480000,0x00000000df980000)
  to   space 5120K, 0% used [0x00000000def80000,0x00000000def80000,0x00000000df480000)
 ParOldGen       total 51200K, used 5222K [0x0000000085a00000, 0x0000000088c00000, 0x00000000d7380000)
  object space 51200K, 10% used [0x0000000085a00000,0x0000000085f198f0,0x0000000088c00000)
 Metaspace       used 20690K, capacity 21180K, committed 21248K, reserved 1067008K
  class space    used 2660K, capacity 2808K, committed 2816K, reserved 1048576K
}
Event: 2.399 GC heap before
{Heap before GC invocations=6 (full 1):
 PSYoungGen      total 132096K, used 126976K [0x00000000d7380000, 0x00000000df980000, 0x0000000100000000)
  eden space 126976K, 100% used [0x00000000d7380000,0x00000000def80000,0x00000000def80000)
  from space 5120K, 0% used [0x00000000df480000,0x00000000df480000,0x00000000df980000)
  to   space 5120K, 0% used [0x00000000def80000,0x00000000def80000,0x00000000df480000)
 ParOldGen       total 51200K, used 5222K [0x0000000085a00000, 0x0000000088c00000, 0x00000000d7380000)
  object space 51200K, 10% used [0x0000000085a00000,0x0000000085f198f0,0x0000000088c00000)
 Metaspace       used 26857K, capacity 27930K, committed 28160K, reserved 1073152K
  class space    used 3476K, capacity 3727K, committed 3840K, reserved 1048576K
Event: 2.416 GC heap after
Heap after GC invocations=6 (full 1):
 PSYoungGen      total 132096K, used 5094K [0x00000000d7380000, 0x00000000e5b00000, 0x0000000100000000)
  eden space 126976K, 0% used [0x00000000d7380000,0x00000000d7380000,0x00000000def80000)
  from space 5120K, 99% used [0x00000000def80000,0x00000000df479860,0x00000000df480000)
  to   space 13824K, 0% used [0x00000000e4d80000,0x00000000e4d80000,0x00000000e5b00000)
 ParOldGen       total 51200K, used 13641K [0x0000000085a00000, 0x0000000088c00000, 0x00000000d7380000)
  object space 51200K, 26% used [0x0000000085a00000,0x00000000867525e8,0x0000000088c00000)
 Metaspace       used 26857K, capacity 27930K, committed 28160K, reserved 1073152K
  class space    used 3476K, capacity 3727K, committed 3840K, reserved 1048576K
}
Event: 3.294 GC heap before
{Heap before GC invocations=7 (full 1):
 PSYoungGen      total 132096K, used 132070K [0x00000000d7380000, 0x00000000e5b00000, 0x0000000100000000)
  eden space 126976K, 100% used [0x00000000d7380000,0x00000000def80000,0x00000000def80000)
  from space 5120K, 99% used [0x00000000def80000,0x00000000df479860,0x00000000df480000)
  to   space 13824K, 0% used [0x00000000e4d80000,0x00000000e4d80000,0x00000000e5b00000)
 ParOldGen       total 51200K, used 13641K [0x0000000085a00000, 0x0000000088c00000, 0x00000000d7380000)
  object space 51200K, 26% used [0x0000000085a00000,0x00000000867525e8,0x0000000088c00000)
 Metaspace       used 30562K, capacity 31850K, committed 32000K, reserved 1077248K
  class space    used 3966K, capacity 4244K, committed 4352K, reserved 1048576K
Event: 3.306 GC heap after
Heap after GC invocations=7 (full 1):
 PSYoungGen      total 214528K, used 12184K [0x00000000d7380000, 0x00000000e5980000, 0x0000000100000000)
  eden space 202240K, 0% used [0x00000000d7380000,0x00000000d7380000,0x00000000e3900000)
  from space 12288K, 99% used [0x00000000e4d80000,0x00000000e59662e0,0x00000000e5980000)
  to   space 15872K, 0% used [0x00000000e3a80000,0x00000000e3a80000,0x00000000e4a00000)
 ParOldGen       total 51200K, used 13649K [0x0000000085a00000, 0x0000000088c00000, 0x00000000d7380000)
  object space 51200K, 26% used [0x0000000085a00000,0x00000000867545e8,0x0000000088c00000)
 Metaspace       used 30562K, capacity 31850K, committed 32000K, reserved 1077248K
  class space    used 3966K, capacity 4244K, committed 4352K, reserved 1048576K
}
Event: 1460.568 GC heap before
{Heap before GC invocations=8 (full 1):
 PSYoungGen      total 214528K, used 214424K [0x00000000d7380000, 0x00000000e5980000, 0x0000000100000000)
  eden space 202240K, 100% used [0x00000000d7380000,0x00000000e3900000,0x00000000e3900000)
  from space 12288K, 99% used [0x00000000e4d80000,0x00000000e59662e0,0x00000000e5980000)
  to   space 15872K, 0% used [0x00000000e3a80000,0x00000000e3a80000,0x00000000e4a00000)
 ParOldGen       total 51200K, used 13649K [0x0000000085a00000, 0x0000000088c00000, 0x00000000d7380000)
  object space 51200K, 26% used [0x0000000085a00000,0x00000000867545e8,0x0000000088c00000)
 Metaspace       used 33409K, capacity 34740K, committed 35072K, reserved 1079296K
  class space    used 4249K, capacity 4529K, committed 4608K, reserved 1048576K

